# JRE version: Java(TM) SE Runtime Environment (8.0_92-b14) (build 1.8.0_92-b14)
# Java VM: Java HotSpot(TM) Client VM (25.92-b14 mixed mode windows-x86 )
Heap:
 def new generation   total 39424K, used 38890K [0x04a00000, 0x074c0000, 0x0f4a0000)
  eden space 35072K,  98% used [0x04a00000, 0x06bba950, 0x06c40000)
  from space 4352K, 100% used [0x06c40000, 0x07080000, 0x07080000)
  to   space 4352K,   0% used [0x07080000, 0x07080000, 0x074c0000)
 tenured generation   total 87424K, used 22652K [0x0f4a0000, 0x14a00000, 0x24a00000)
   the space 87424K,  25% used [0x0f4a0000, 0x10abf160, 0x10abf200, 0x14a00000)
 Metaspace       used 19635K, capacity 20153K, committed 20224K, reserved 20864K
GC Heap History (10 events):
Event: 1.516 GC heap before
{Heap before GC invocations=0 (full 0):
 def new generation   total 39296K, used 34944K [0x04a00000, 0x074a0000, 0x0f4a0000)
  eden space 34944K, 100% used [0x04a00000, 0x06c20000, 0x06c20000)
  from space 4352K,   0% used [0x06c20000, 0x06c20000, 0x07060000)
  to   space 4352K,   0% used [0x07060000, 0x07060000, 0x074a0000)
 tenured generation   total 87424K, used 0K [0x0f4a0000, 0x14a00000, 0x24a00000)
   the space 87424K,   0% used [0x0f4a0000, 0x0f4a0000, 0x0f4a0200, 0x14a00000)
 Metaspace       used 9703K, capacity 9866K, committed 9984K, reserved 10624K
Event: 1.531 GC heap after
Heap after GC invocations=1 (full 0):
 def new generation   total 39296K, used 4352K [0x04a00000, 0x074a0000, 0x0f4a0000)
  eden space 34944K,   0% used [0x04a00000, 0x04a00000, 0x06c20000)
  from space 4352K, 100% used [0x07060000, 0x074a0000, 0x074a0000)
  to   space 4352K,   0% used [0x06c20000, 0x06c20000, 0x07060000)
 tenured generation   total 87424K, used 2327K [0x0f4a0000, 0x14a00000, 0x24a00000)
   the space 87424K,   2% used [0x0f4a0000, 0x0f6e5f90, 0x0f6e6000, 0x14a00000)
 Metaspace       used 9703K, capacity 9866K, committed 9984K, reserved 10624K
}
Event: 2.055 GC heap before
{Heap before GC invocations=1 (full 0):
 def new generation   total 39296K, used 39296K [0x04a00000, 0x074a0000, 0x0f4a0000)
  eden space 34944K, 100% used [0x04a00000, 0x06c20000, 0x06c20000)
  from space 4352K, 100% used [0x07060000, 0x074a0000, 0x074a0000)
  to   space 4352K,   0% used [0x06c20000, 0x06c20000, 0x07060000)
 tenured generation   total 87424K, used 2327K [0x0f4a0000, 0x14a00000, 0x24a00000)
   the space 87424K,   2% used [0x0f4a0000, 0x0f6e5f90, 0x0f6e6000, 0x14a00000)
 Metaspace       used 11261K, capacity 11622K, committed 11648K, reserved 11648K
Event: 2.079 GC heap after
Heap after GC invocations=2 (full 0):
 def new generation   total 39296K, used 4352K [0x04a00000, 0x074a0000, 0x0f4a0000)
  eden space 34944K,   0% used [0x04a00000, 0x04a00000, 0x06c20000)
  from space 4352K, 100% used [0x06c20000, 0x07060000, 0x07060000)
  to   space 4352K,   0% used [0x07060000, 0x07060000, 0x074a0000)
 tenured generation   total 87424K, used 9234K [0x0f4a0000, 0x14a00000, 0x24a00000)
   the space 87424K,  10% used [0x0f4a0000, 0x0fda4bf8, 0x0fda4c00, 0x14a00000)
 Metaspace       used 11261K, capacity 11622K, committed 11648K, reserved 11648K
}
Event: 2.290 GC heap before
{Heap before GC invocations=2 (full 0):
 def new generation   total 39296K, used 17543K [0x04a00000, 0x074a0000, 0x0f4a0000)
  eden space 34944K,  37% used [0x04a00000, 0x056e1fb0, 0x06c20000)
  from space 4352K, 100% used [0x06c20000, 0x07060000, 0x07060000)
  to   space 4352K,   0% used [0x07060000, 0x07060000, 0x074a0000)
 tenured generation   total 87424K, used 9234K [0x0f4a0000, 0x14a00000, 0x24a00000)
   the space 87424K,  10% used [0x0f4a0000, 0x0fda4bf8, 0x0fda4c00, 0x14a00000)
 Metaspace       used 11877K, capacity 12250K, committed 12288K, reserved 12672K
Event: 2.319 GC heap after
Heap after GC invocations=3 (full 1):
 def new generation   total 39424K, used 0K [0x04a00000, 0x074c0000, 0x0f4a0000)
  eden space 35072K,   0% used [0x04a00000, 0x04a00000, 0x06c40000)
  from space 4352K,   0% used [0x06c40000, 0x06c40000, 0x07080000)
  to   space 4352K,   0% used [0x07080000, 0x07080000, 0x074c0000)
 tenured generation   total 87424K, used 14406K [0x0f4a0000, 0x14a00000, 0x24a00000)
   the space 87424K,  16% used [0x0f4a0000, 0x102b1ae0, 0x102b1c00, 0x14a00000)
 Metaspace       used 11877K, capacity 12250K, committed 12288K, reserved 12672K
}
Event: 3.249 GC heap before
{Heap before GC invocations=3 (full 1):
 def new generation   total 39424K, used 35072K [0x04a00000, 0x074c0000, 0x0f4a0000)
  eden space 35072K, 100% used [0x04a00000, 0x06c40000, 0x06c40000)
  from space 4352K,   0% used [0x06c40000, 0x06c40000, 0x07080000)
  to   space 4352K,   0% used [0x07080000, 0x07080000, 0x074c0000)
 tenured generation   total 87424K, used 14406K [0x0f4a0000, 0x14a00000, 0x24a00000)
   the space 87424K,  16% used [0x0f4a0000, 0x102b1ae0, 0x102b1c00, 0x14a00000)
 Metaspace       used 15862K, capacity 16281K, committed 16384K, reserved 16768K
Event: 3.262 GC heap after
Heap after GC invocations=4 (full 1):
 def new generation   total 39424K, used 4352K [0x04a00000, 0x074c0000, 0x0f4a0000)
  eden space 35072K,   0% used [0x04a00000, 0x04a00000, 0x06c40000)
  from space 4352K, 100% used [0x07080000, 0x074c0000, 0x074c0000)
  to   space 4352K,   0% used [0x06c40000, 0x06c40000, 0x07080000)
 tenured generation   total 87424K, used 15809K [0x0f4a0000, 0x14a00000, 0x24a00000)
   the space 87424K,  18% used [0x0f4a0000, 0x104106b0, 0x10410800, 0x14a00000)
 Metaspace       used 15862K, capacity 16281K, committed 16384K, reserved 16768K
}
Event: 64.657 GC heap before
{Heap before GC invocations=4 (full 1):
 def new generation   total 39424K, used 39424K [0x04a00000, 0x074c0000, 0x0f4a0000)
  eden space 35072K, 100% used [0x04a00000, 0x06c40000, 0x06c40000)
  from space 4352K, 100% used [0x07080000, 0x074c0000, 0x074c0000)
  to   space 4352K,   0% used [0x06c40000, 0x06c40000, 0x07080000)
 tenured generation   total 87424K, used 15809K [0x0f4a0000, 0x14a00000, 0x24a00000)
   the space 87424K,  18% used [0x0f4a0000, 0x104106b0, 0x10410800, 0x14a00000)
 Metaspace       used 18982K, capacity 19471K, committed 19584K, reserved 19840K
Event: 64.677 GC heap after
Heap after GC invocations=5 (full 1):
 def new generation   total 39424K, used 4352K [0x04a00000, 0x074c0000, 0x0f4a0000)
  eden space 35072K,   0% used [0x04a00000, 0x04a00000, 0x06c40000)
  from space 4352K, 100% used [0x06c40000, 0x07080000, 0x07080000)
  to   space 4352K,   0% used [0x07080000, 0x07080000, 0x074c0000)
 tenured generation   total 87424K, used 22652K [0x0f4a0000, 0x14a00000, 0x24a00000)
   the space 87424K,  25% used [0x0f4a0000, 0x10abf160, 0x10abf200, 0x14a00000)
 Metaspace       used 18982K, capacity 19471K, committed 19584K, reserved 19840K
}

